<?xml version="1.0" encoding="UTF-8"?>
<!-- Generated by org.testng.reporters.JUnitXMLReporter -->
<testsuite hostname="LAPTOP-87SVGSB0" ignored="0" name="Default test" tests="2" failures="0" timestamp="2019-12-28T13:01:21 IST" time="22.427" errors="0">
  <testcase name="runScenario" time="11.944" classname="cucumber.api.testng.AbstractTestNGCucumberTests"/>
  <testcase name="runScenario" time="10.233" classname="cucumber.api.testng.AbstractTestNGCucumberTests"/>
</testsuite> <!-- Default test -->
