<?xml version="1.0" encoding="UTF-8"?>
<testng-results skipped="0" failed="0" ignored="0" total="1" passed="1">
  <reporter-output>
  </reporter-output>
  <suite name="Suite" duration-ms="10676" started-at="2019-12-29T11:31:05 IST" finished-at="2019-12-29T11:31:15 IST">
    <groups>
    </groups>
    <test name="Test" duration-ms="10676" started-at="2019-12-29T11:31:05 IST" finished-at="2019-12-29T11:31:15 IST">
      <class name="TestNGClass.CreateLead">
        <test-method status="PASS" signature="methodCall(java.lang.String, java.lang.String)[pri:0, instance:TestNGClass.CreateLead@199d22e]" name="methodCall" is-config="true" duration-ms="7616" started-at="2019-12-29T11:31:05 IST" finished-at="2019-12-29T11:31:12 IST">
          <params>
            <param index="0">
              <value>
                <![CDATA[demosalesmanager]]>
              </value>
            </param>
            <param index="1">
              <value>
                <![CDATA[crmsfa]]>
              </value>
            </param>
          </params>
          <reporter-output>
          </reporter-output>
        </test-method> <!-- methodCall -->
        <test-method status="PASS" signature="runCreateLead()[pri:0, instance:TestNGClass.CreateLead@199d22e]" name="runCreateLead" duration-ms="3015" started-at="2019-12-29T11:31:12 IST" finished-at="2019-12-29T11:31:15 IST">
          <reporter-output>
          </reporter-output>
        </test-method> <!-- runCreateLead -->
      </class> <!-- TestNGClass.CreateLead -->
    </test> <!-- Test -->
  </suite> <!-- Suite -->
</testng-results>
